<?xml version="1.0" encoding="UTF-8"?>
<!-- Generated by org.testng.reporters.JUnitReportReporter -->
<testsuite hostname="r359-irs1.apple.com" failures="0" tests="2" name="qaclickacademy.Seleniumtest" time="0.000" errors="0" timestamp="2021-05-05T09:53:50 PST" skipped="0">
  <testcase classname="qaclickacademy.Seleniumtest" name="elementUI" time="0.000"/>
  <system-out/>
  <testcase classname="qaclickacademy.Seleniumtest" name="browser" time="0.000"/>
  <system-out/>
</testsuite> <!-- qaclickacademy.Seleniumtest -->
